<?xml version="1.0"?>
<fallbacks>
	<locale>ae</locale>
	<locale>en</locale>
	<locale>default</locale>
</fallbacks>